2025-04-08 18:00:59.073521 - Received CBT.V508.FILE036.PDS from FILE036.XMI 
2025-04-08 18:00:59.087677 - Found $$$#DATE.txt (text/plain) in CBT.V508.FILE036.PDS, moved to PDS/$$$#DATE
2025-04-08 18:00:59.088423 - Found $$$TITLE.txt (text/plain) in CBT.V508.FILE036.PDS, moved to PDS/$$$TITLE
2025-04-08 18:00:59.089058 - Found $$DOC.txt (text/plain) in CBT.V508.FILE036.PDS, moved to PDS/$$DOC
2025-04-08 18:00:59.089660 - Found $CREAMED.txt (text/plain) in CBT.V508.FILE036.PDS, moved to PDS/$CREAMED
2025-04-08 18:00:59.090373 - Found $INSTALL.txt (text/plain) in CBT.V508.FILE036.PDS, moved to PDS/$INSTALL
2025-04-08 18:00:59.091049 - Found @FILE036.txt (text/plain) in CBT.V508.FILE036.PDS, moved to PDS/@FILE036
2025-04-08 18:00:59.091765 - Found ASMLINK.jcl (text/plain) in CBT.V508.FILE036.PDS, moved to PDS/ASMLINK
2025-04-08 18:00:59.092454 - Found ASMLINKS.jcl (text/plain) in CBT.V508.FILE036.PDS, moved to PDS/ASMLINKS
2025-04-08 18:00:59.093118 - Found CSPFPDS.txt (text/plain) in CBT.V508.FILE036.PDS, moved to PDS/CSPFPDS
2025-04-08 18:00:59.093860 - Found CVTCLISO.txt (text/plain) in CBT.V508.FILE036.PDS, moved to PDS/CVTCLISO
2025-04-08 18:00:59.094630 - Found CVTCLIST.txt (text/plain) in CBT.V508.FILE036.PDS, moved to PDS/CVTCLIST
2025-04-08 18:00:59.095316 - Found ENTER.txt (text/plain) in CBT.V508.FILE036.PDS, moved to PDS/ENTER
2025-04-08 18:00:59.096081 - Found ENTERROR.txt (text/plain) in CBT.V508.FILE036.PDS, moved to PDS/ENTERROR
2025-04-08 18:00:59.096853 - Found ENTER1.txt (text/plain) in CBT.V508.FILE036.PDS, moved to PDS/ENTER1
2025-04-08 18:00:59.097524 - Found ENTRRR.txt (text/plain) in CBT.V508.FILE036.PDS, moved to PDS/ENTRRR
2025-04-08 18:00:59.098282 - Found EOFELEM.txt (text/plain) in CBT.V508.FILE036.PDS, moved to PDS/EOFELEM
2025-04-08 18:00:59.098992 - Found EQREG.txt (text/plain) in CBT.V508.FILE036.PDS, moved to PDS/EQREG
2025-04-08 18:00:59.099679 - Found EQUATES.txt (text/plain) in CBT.V508.FILE036.PDS, moved to PDS/EQUATES
2025-04-08 18:00:59.110907 - Found EQUREG.txt (text/plain) in CBT.V508.FILE036.PDS, moved to PDS/EQUREG
2025-04-08 18:00:59.111637 - Found EXIT.txt (text/plain) in CBT.V508.FILE036.PDS, moved to PDS/EXIT
2025-04-08 18:00:59.112314 - Found FIXMENU.txt (text/plain) in CBT.V508.FILE036.PDS, moved to PDS/FIXMENU
2025-04-08 18:00:59.113004 - Found FPDSP0.txt (text/plain) in CBT.V508.FILE036.PDS, moved to PDS/FPDSP0
2025-04-08 18:00:59.113645 - Found FPDSP1.txt (text/plain) in CBT.V508.FILE036.PDS, moved to PDS/FPDSP1
2025-04-08 18:00:59.114284 - Found FPDS00.txt (text/plain) in CBT.V508.FILE036.PDS, moved to PDS/FPDS00
2025-04-08 18:00:59.114964 - Found GENAME.txt (text/plain) in CBT.V508.FILE036.PDS, moved to PDS/GENAME
2025-04-08 18:00:59.115703 - Found MULTBASE.txt (text/plain) in CBT.V508.FILE036.PDS, moved to PDS/MULTBASE
2025-04-08 18:00:59.116420 - Found RBWENTER.txt (text/plain) in CBT.V508.FILE036.PDS, moved to PDS/RBWENTER
2025-04-08 18:00:59.117138 - Found REGISTER.txt (text/plain) in CBT.V508.FILE036.PDS, moved to PDS/REGISTER
2025-04-08 18:00:59.117863 - Found REMEMBER.txt (text/plain) in CBT.V508.FILE036.PDS, moved to PDS/REMEMBER
2025-04-08 18:00:59.118599 - Found RRW@PRIM.txt (text/plain) in CBT.V508.FILE036.PDS, moved to PDS/RRW@PRIM
2025-04-08 18:00:59.119306 - Found SETPCB.txt (text/plain) in CBT.V508.FILE036.PDS, moved to PDS/SETPCB
2025-04-08 18:00:59.119946 - Found SPFCNTL.txt (text/plain) in CBT.V508.FILE036.PDS, moved to PDS/SPFCNTL
2025-04-08 18:00:59.120693 - Found SPFCODE.txt (text/plain) in CBT.V508.FILE036.PDS, moved to PDS/SPFCODE
2025-04-08 18:00:59.121438 - Found SPFCORE.txt (text/plain) in CBT.V508.FILE036.PDS, moved to PDS/SPFCORE
2025-04-08 18:00:59.122100 - Found SPFDSCT.txt (text/plain) in CBT.V508.FILE036.PDS, moved to PDS/SPFDSCT
2025-04-08 18:00:59.122847 - Found SPFFIX.txt (text/plain) in CBT.V508.FILE036.PDS, moved to PDS/SPFFIX
2025-04-08 18:00:59.123613 - Found SPFMAIN.txt (text/plain) in CBT.V508.FILE036.PDS, moved to PDS/SPFMAIN
2025-04-08 18:00:59.124271 - Found SPFSCAN.txt (text/plain) in CBT.V508.FILE036.PDS, moved to PDS/SPFSCAN
2025-04-08 18:00:59.125011 - Found SPFSRCH.txt (text/plain) in CBT.V508.FILE036.PDS, moved to PDS/SPFSRCH
2025-04-08 18:00:59.125782 - Found TERME.txt (text/plain) in CBT.V508.FILE036.PDS, moved to PDS/TERME
